Compiling build :app to "target/cljsbuild/public/js/app.js" from ["src/cljs" "src/cljc" "env/dev/cljs"]...
[36m----  Compiler Warning on   src/cljs/clj_text_input/core.cljs   line:47  column:44  ----[0m

  [1mUse of undeclared Var clj-text-input.core/keyCode[0m

  [36m43[0m  [36m    {:type :text[0m
  [36m44[0m  [36m     :placeholder placeholder[0m
  [36m45[0m  [36m     :value @fields[0m
  [36m46[0m  [36m     :on-change #(do[0m
  [33m47[0m  [1m                   ((= 13 (-> window event keyCode)) (.log console "WWW"))[0m
  [0m  [0m  [33m                                           ^--- Use of undeclared Var clj-text-input.core/keyCode[0m
  [36m48[0m  [36m                   (reset! fields (-> % .-target .-value)))}]])[0m
  [36m49[0m  [36m[0m
  [36m50[0m  [36m(defn exchange-form [][0m
  [36m51[0m  [36m  (let [cel (atom nil)[0m
  [36m52[0m  [36m        far (atom nil)[0m

[36m----  Compiler Warning : Please see src/cljs/clj_text_input/core.cljs  ----[0m
[36m----  Compiler Warning on   src/cljs/clj_text_input/core.cljs   line:47  column:38  ----[0m

  [1mUse of undeclared Var clj-text-input.core/event[0m

  [36m43[0m  [36m    {:type :text[0m
  [36m44[0m  [36m     :placeholder placeholder[0m
  [36m45[0m  [36m     :value @fields[0m
  [36m46[0m  [36m     :on-change #(do[0m
  [33m47[0m  [1m                   ((= 13 (-> window event keyCode)) (.log console "WWW"))[0m
  [0m  [0m  [33m                                     ^--- Use of undeclared Var clj-text-input.core/event[0m
  [36m48[0m  [36m                   (reset! fields (-> % .-target .-value)))}]])[0m
  [36m49[0m  [36m[0m
  [36m50[0m  [36m(defn exchange-form [][0m
  [36m51[0m  [36m  (let [cel (atom nil)[0m
  [36m52[0m  [36m        far (atom nil)[0m

[36m----  Compiler Warning : Please see src/cljs/clj_text_input/core.cljs  ----[0m
[36m----  Compiler Warning on   src/cljs/clj_text_input/core.cljs   line:47  column:31  ----[0m

  [1mUse of undeclared Var clj-text-input.core/window[0m

  [36m43[0m  [36m    {:type :text[0m
  [36m44[0m  [36m     :placeholder placeholder[0m
  [36m45[0m  [36m     :value @fields[0m
  [36m46[0m  [36m     :on-change #(do[0m
  [33m47[0m  [1m                   ((= 13 (-> window event keyCode)) (.log console "WWW"))[0m
  [0m  [0m  [33m                              ^--- Use of undeclared Var clj-text-input.core/window[0m
  [36m48[0m  [36m                   (reset! fields (-> % .-target .-value)))}]])[0m
  [36m49[0m  [36m[0m
  [36m50[0m  [36m(defn exchange-form [][0m
  [36m51[0m  [36m  (let [cel (atom nil)[0m
  [36m52[0m  [36m        far (atom nil)[0m

[36m----  Compiler Warning : Please see src/cljs/clj_text_input/core.cljs  ----[0m
[36m----  Compiler Warning on   src/cljs/clj_text_input/core.cljs   line:47  column:60  ----[0m

  [1mUse of undeclared Var clj-text-input.core/console[0m

  [36m43[0m  [36m    {:type :text[0m
  [36m44[0m  [36m     :placeholder placeholder[0m
  [36m45[0m  [36m     :value @fields[0m
  [36m46[0m  [36m     :on-change #(do[0m
  [33m47[0m  [1m                   ((= 13 (-> window event keyCode)) (.log console "WWW"))[0m
  [0m  [0m  [33m                                                           ^--- Use of undeclared Var clj-text-input.core/console[0m
  [36m48[0m  [36m                   (reset! fields (-> % .-target .-value)))}]])[0m
  [36m49[0m  [36m[0m
  [36m50[0m  [36m(defn exchange-form [][0m
  [36m51[0m  [36m  (let [cel (atom nil)[0m
  [36m52[0m  [36m        far (atom nil)[0m

[36m----  Compiler Warning : Please see src/cljs/clj_text_input/core.cljs  ----[0m
[32mSuccessfully compiled build :app to "target/cljsbuild/public/js/app.js" in 1.328 seconds.[0m
notifying browser that file changed:  target/cljsbuild/public/js/out/goog/deps.js
notifying browser that file changed:  target/cljsbuild/public/js/out/cljs_deps.js
notifying browser that file changed:  target/cljsbuild/public/js/out/clj_text_input/core.js
Compiling build :app to "target/cljsbuild/public/js/app.js" from ["src/cljs" "src/cljc" "env/dev/cljs"]...
[36m----  Compiler Warning on   src/cljs/clj_text_input/core.cljs   line:47  column:44  ----[0m

  [1mUse of undeclared Var clj-text-input.core/keyCode[0m

  [36m43[0m  [36m    {:type :text[0m
  [36m44[0m  [36m     :placeholder placeholder[0m
  [36m45[0m  [36m     :value @fields[0m
  [36m46[0m  [36m     :on-change #(do[0m
  [33m47[0m  [1m                   ((= 13 (-> window event keyCode)) (.log console "WWW"))[0m
  [0m  [0m  [33m                                           ^--- Use of undeclared Var clj-text-input.core/keyCode[0m
  [36m48[0m  [36m                   (reset! fields (-> % .-target .-value)))}]])[0m
  [36m49[0m  [36m[0m
  [36m50[0m  [36m(defn exchange-form [][0m
  [36m51[0m  [36m  (let [cel (atom nil)[0m
  [36m52[0m  [36m        far (atom nil)[0m

[36m----  Compiler Warning : Please see src/cljs/clj_text_input/core.cljs  ----[0m
[36m----  Compiler Warning on   src/cljs/clj_text_input/core.cljs   line:47  column:38  ----[0m

  [1mUse of undeclared Var clj-text-input.core/event[0m

  [36m43[0m  [36m    {:type :text[0m
  [36m44[0m  [36m     :placeholder placeholder[0m
  [36m45[0m  [36m     :value @fields[0m
  [36m46[0m  [36m     :on-change #(do[0m
  [33m47[0m  [1m                   ((= 13 (-> window event keyCode)) (.log console "WWW"))[0m
  [0m  [0m  [33m                                     ^--- Use of undeclared Var clj-text-input.core/event[0m
  [36m48[0m  [36m                   (reset! fields (-> % .-target .-value)))}]])[0m
  [36m49[0m  [36m[0m
  [36m50[0m  [36m(defn exchange-form [][0m
  [36m51[0m  [36m  (let [cel (atom nil)[0m
  [36m52[0m  [36m        far (atom nil)[0m

[36m----  Compiler Warning : Please see src/cljs/clj_text_input/core.cljs  ----[0m
[36m----  Compiler Warning on   src/cljs/clj_text_input/core.cljs   line:47  column:31  ----[0m

  [1mUse of undeclared Var clj-text-input.core/window[0m

  [36m43[0m  [36m    {:type :text[0m
  [36m44[0m  [36m     :placeholder placeholder[0m
  [36m45[0m  [36m     :value @fields[0m
  [36m46[0m  [36m     :on-change #(do[0m
  [33m47[0m  [1m                   ((= 13 (-> window event keyCode)) (.log console "WWW"))[0m
  [0m  [0m  [33m                              ^--- Use of undeclared Var clj-text-input.core/window[0m
  [36m48[0m  [36m                   (reset! fields (-> % .-target .-value)))}]])[0m
  [36m49[0m  [36m[0m
  [36m50[0m  [36m(defn exchange-form [][0m
  [36m51[0m  [36m  (let [cel (atom nil)[0m
  [36m52[0m  [36m        far (atom nil)[0m

[36m----  Compiler Warning : Please see src/cljs/clj_text_input/core.cljs  ----[0m
[36m----  Compiler Warning on   src/cljs/clj_text_input/core.cljs   line:47  column:60  ----[0m

  [1mUse of undeclared Var clj-text-input.core/console[0m

  [36m43[0m  [36m    {:type :text[0m
  [36m44[0m  [36m     :placeholder placeholder[0m
  [36m45[0m  [36m     :value @fields[0m
  [36m46[0m  [36m     :on-change #(do[0m
  [33m47[0m  [1m                   ((= 13 (-> window event keyCode)) (.log console "WWW"))[0m
  [0m  [0m  [33m                                                           ^--- Use of undeclared Var clj-text-input.core/console[0m
  [36m48[0m  [36m                   (reset! fields (-> % .-target .-value)))}]])[0m
  [36m49[0m  [36m[0m
  [36m50[0m  [36m(defn exchange-form [][0m
  [36m51[0m  [36m  (let [cel (atom nil)[0m
  [36m52[0m  [36m        far (atom nil)[0m

[36m----  Compiler Warning : Please see src/cljs/clj_text_input/core.cljs  ----[0m
[32mSuccessfully compiled build :app to "target/cljsbuild/public/js/app.js" in 1.239 seconds.[0m
notifying browser that file changed:  target/cljsbuild/public/js/out/clj_text_input/core.js
Compiling build :app to "target/cljsbuild/public/js/app.js" from ["src/cljs" "src/cljc" "env/dev/cljs"]...
[36m----  Compiler Warning on   src/cljs/clj_text_input/core.cljs   line:47  column:31  ----[0m

  [1mUse of undeclared Var clj-text-input.core/window[0m

  [36m43[0m  [36m    {:type :text[0m
  [36m44[0m  [36m     :placeholder placeholder[0m
  [36m45[0m  [36m     :value @fields[0m
  [36m46[0m  [36m     :on-change #(do[0m
  [33m47[0m  [1m                   ((= 13 (-> window .event .-keyCode)) (.log console "WWW"))[0m
  [0m  [0m  [33m                              ^--- Use of undeclared Var clj-text-input.core/window[0m
  [36m48[0m  [36m                   (reset! fields (-> % .-target .-value)))}]])[0m
  [36m49[0m  [36m[0m
  [36m50[0m  [36m(defn exchange-form [][0m
  [36m51[0m  [36m  (let [cel (atom nil)[0m
  [36m52[0m  [36m        far (atom nil)[0m

[36m----  Compiler Warning : Please see src/cljs/clj_text_input/core.cljs  ----[0m
[36m----  Compiler Warning on   src/cljs/clj_text_input/core.cljs   line:47  column:63  ----[0m

  [1mUse of undeclared Var clj-text-input.core/console[0m

  [36m43[0m  [36m    {:type :text[0m
  [36m44[0m  [36m     :placeholder placeholder[0m
  [36m45[0m  [36m     :value @fields[0m
  [36m46[0m  [36m     :on-change #(do[0m
  [33m47[0m  [1m                   ((= 13 (-> window .event .-keyCode)) (.log console "WWW"))[0m
  [0m  [0m  [33m                                                              ^--- Use of undeclared Var clj-text-input.core/console[0m
  [36m48[0m  [36m                   (reset! fields (-> % .-target .-value)))}]])[0m
  [36m49[0m  [36m[0m
  [36m50[0m  [36m(defn exchange-form [][0m
  [36m51[0m  [36m  (let [cel (atom nil)[0m
  [36m52[0m  [36m        far (atom nil)[0m

[36m----  Compiler Warning : Please see src/cljs/clj_text_input/core.cljs  ----[0m
[32mSuccessfully compiled build :app to "target/cljsbuild/public/js/app.js" in 1.06 seconds.[0m
notifying browser that file changed:  target/cljsbuild/public/js/out/clj_text_input/core.js
Compiling build :app to "target/cljsbuild/public/js/app.js" from ["src/cljs" "src/cljc" "env/dev/cljs"]...
[32mSuccessfully compiled build :app to "target/cljsbuild/public/js/app.js" in 1.014 seconds.[0m
notifying browser that file changed:  target/cljsbuild/public/js/out/clj_text_input/core.js
Compiling build :app to "target/cljsbuild/public/js/app.js" from ["src/cljs" "src/cljc" "env/dev/cljs"]...
[32mSuccessfully compiled build :app to "target/cljsbuild/public/js/app.js" in 1.06 seconds.[0m
notifying browser that file changed:  target/cljsbuild/public/js/out/clj_text_input/core.js
Compiling build :app to "target/cljsbuild/public/js/app.js" from ["src/cljs" "src/cljc" "env/dev/cljs"]...
[32mSuccessfully compiled build :app to "target/cljsbuild/public/js/app.js" in 0.931 seconds.[0m
notifying browser that file changed:  target/cljsbuild/public/js/out/clj_text_input/core.js
Compiling build :app to "target/cljsbuild/public/js/app.js" from ["src/cljs" "src/cljc" "env/dev/cljs"]...
[32mSuccessfully compiled build :app to "target/cljsbuild/public/js/app.js" in 1.15 seconds.[0m
notifying browser that file changed:  target/cljsbuild/public/js/out/clj_text_input/core.js
Compiling build :app to "target/cljsbuild/public/js/app.js" from ["src/cljs" "src/cljc" "env/dev/cljs"]...
[32mSuccessfully compiled build :app to "target/cljsbuild/public/js/app.js" in 1.123 seconds.[0m
notifying browser that file changed:  target/cljsbuild/public/js/out/clj_text_input/core.js
Compiling build :app to "target/cljsbuild/public/js/app.js" from ["src/cljs" "src/cljc" "env/dev/cljs"]...
[32mSuccessfully compiled build :app to "target/cljsbuild/public/js/app.js" in 1.197 seconds.[0m
notifying browser that file changed:  target/cljsbuild/public/js/out/clj_text_input/core.js
Compiling build :app to "target/cljsbuild/public/js/app.js" from ["src/cljs" "src/cljc" "env/dev/cljs"]...
[32mSuccessfully compiled build :app to "target/cljsbuild/public/js/app.js" in 1.261 seconds.[0m
notifying browser that file changed:  target/cljsbuild/public/js/out/clj_text_input/core.js
Compiling build :app to "target/cljsbuild/public/js/app.js" from ["src/cljs" "src/cljc" "env/dev/cljs"]...
[32mSuccessfully compiled build :app to "target/cljsbuild/public/js/app.js" in 1.025 seconds.[0m
notifying browser that file changed:  target/cljsbuild/public/js/out/clj_text_input/core.js
Compiling build :app to "target/cljsbuild/public/js/app.js" from ["src/cljs" "src/cljc" "env/dev/cljs"]...
[32mSuccessfully compiled build :app to "target/cljsbuild/public/js/app.js" in 0.988 seconds.[0m
notifying browser that file changed:  target/cljsbuild/public/js/out/clj_text_input/core.js
Compiling build :app to "target/cljsbuild/public/js/app.js" from ["src/cljs" "src/cljc" "env/dev/cljs"]...
[32mSuccessfully compiled build :app to "target/cljsbuild/public/js/app.js" in 1.155 seconds.[0m
notifying browser that file changed:  target/cljsbuild/public/js/out/clj_text_input/core.js
Compiling build :app to "target/cljsbuild/public/js/app.js" from ["src/cljs" "src/cljc" "env/dev/cljs"]...
[32mSuccessfully compiled build :app to "target/cljsbuild/public/js/app.js" in 1.033 seconds.[0m
notifying browser that file changed:  target/cljsbuild/public/js/out/clj_text_input/core.js
Compiling build :app to "target/cljsbuild/public/js/app.js" from ["src/cljs" "src/cljc" "env/dev/cljs"]...
[32mSuccessfully compiled build :app to "target/cljsbuild/public/js/app.js" in 1.017 seconds.[0m
notifying browser that file changed:  target/cljsbuild/public/js/out/clj_text_input/core.js
Compiling build :app to "target/cljsbuild/public/js/app.js" from ["src/cljs" "src/cljc" "env/dev/cljs"]...
[32mSuccessfully compiled build :app to "target/cljsbuild/public/js/app.js" in 1.348 seconds.[0m
notifying browser that file changed:  target/cljsbuild/public/js/out/clj_text_input/core.js
Compiling build :app to "target/cljsbuild/public/js/app.js" from ["src/cljs" "src/cljc" "env/dev/cljs"]...
[32mSuccessfully compiled build :app to "target/cljsbuild/public/js/app.js" in 1.067 seconds.[0m
notifying browser that file changed:  target/cljsbuild/public/js/out/clj_text_input/core.js
Compiling build :app to "target/cljsbuild/public/js/app.js" from ["src/cljs" "src/cljc" "env/dev/cljs"]...
[32mSuccessfully compiled build :app to "target/cljsbuild/public/js/app.js" in 0.942 seconds.[0m
notifying browser that file changed:  target/cljsbuild/public/js/out/clj_text_input/core.js
Compiling build :app to "target/cljsbuild/public/js/app.js" from ["src/cljs" "src/cljc" "env/dev/cljs"]...
[32mSuccessfully compiled build :app to "target/cljsbuild/public/js/app.js" in 0.848 seconds.[0m
notifying browser that file changed:  target/cljsbuild/public/js/out/clj_text_input/core.js
Compiling build :app to "target/cljsbuild/public/js/app.js" from ["src/cljs" "src/cljc" "env/dev/cljs"]...
[32mSuccessfully compiled build :app to "target/cljsbuild/public/js/app.js" in 0.999 seconds.[0m
notifying browser that file changed:  target/cljsbuild/public/js/out/clj_text_input/core.js
Compiling build :app to "target/cljsbuild/public/js/app.js" from ["src/cljs" "src/cljc" "env/dev/cljs"]...
[32mSuccessfully compiled build :app to "target/cljsbuild/public/js/app.js" in 1.755 seconds.[0m
notifying browser that file changed:  target/cljsbuild/public/js/out/clj_text_input/core.js
Compiling build :app to "target/cljsbuild/public/js/app.js" from ["src/cljs" "src/cljc" "env/dev/cljs"]...
[32mSuccessfully compiled build :app to "target/cljsbuild/public/js/app.js" in 0.924 seconds.[0m
notifying browser that file changed:  target/cljsbuild/public/js/out/clj_text_input/core.js
Compiling build :app to "target/cljsbuild/public/js/app.js" from ["src/cljs" "src/cljc" "env/dev/cljs"]...
[32mSuccessfully compiled build :app to "target/cljsbuild/public/js/app.js" in 1.08 seconds.[0m
notifying browser that file changed:  target/cljsbuild/public/js/out/clj_text_input/core.js
Compiling build :app to "target/cljsbuild/public/js/app.js" from ["src/cljs" "src/cljc" "env/dev/cljs"]...
[32mSuccessfully compiled build :app to "target/cljsbuild/public/js/app.js" in 1.11 seconds.[0m
notifying browser that file changed:  target/cljsbuild/public/js/out/clj_text_input/core.js
Compiling build :app to "target/cljsbuild/public/js/app.js" from ["src/cljs" "src/cljc" "env/dev/cljs"]...
[32mSuccessfully compiled build :app to "target/cljsbuild/public/js/app.js" in 1.007 seconds.[0m
notifying browser that file changed:  target/cljsbuild/public/js/out/clj_text_input/core.js
Compiling build :app to "target/cljsbuild/public/js/app.js" from ["src/cljs" "src/cljc" "env/dev/cljs"]...
[32mSuccessfully compiled build :app to "target/cljsbuild/public/js/app.js" in 1.022 seconds.[0m
notifying browser that file changed:  target/cljsbuild/public/js/out/clj_text_input/core.js
Compiling build :app to "target/cljsbuild/public/js/app.js" from ["src/cljs" "src/cljc" "env/dev/cljs"]...
[32mSuccessfully compiled build :app to "target/cljsbuild/public/js/app.js" in 1.061 seconds.[0m
notifying browser that file changed:  target/cljsbuild/public/js/out/clj_text_input/core.js
Compiling build :app to "target/cljsbuild/public/js/app.js" from ["src/cljs" "src/cljc" "env/dev/cljs"]...
[32mSuccessfully compiled build :app to "target/cljsbuild/public/js/app.js" in 0.945 seconds.[0m
notifying browser that file changed:  target/cljsbuild/public/js/out/clj_text_input/core.js
Compiling build :app to "target/cljsbuild/public/js/app.js" from ["src/cljs" "src/cljc" "env/dev/cljs"]...
[32mSuccessfully compiled build :app to "target/cljsbuild/public/js/app.js" in 0.969 seconds.[0m
notifying browser that file changed:  target/cljsbuild/public/js/out/clj_text_input/core.js
Compiling build :app to "target/cljsbuild/public/js/app.js" from ["src/cljs" "src/cljc" "env/dev/cljs"]...
[32mSuccessfully compiled build :app to "target/cljsbuild/public/js/app.js" in 1.006 seconds.[0m
notifying browser that file changed:  target/cljsbuild/public/js/out/clj_text_input/core.js
Compiling build :app to "target/cljsbuild/public/js/app.js" from ["src/cljs" "src/cljc" "env/dev/cljs"]...
[32mSuccessfully compiled build :app to "target/cljsbuild/public/js/app.js" in 0.959 seconds.[0m
notifying browser that file changed:  target/cljsbuild/public/js/out/clj_text_input/core.js
Compiling build :app to "target/cljsbuild/public/js/app.js" from ["src/cljs" "src/cljc" "env/dev/cljs"]...
[32mSuccessfully compiled build :app to "target/cljsbuild/public/js/app.js" in 1.024 seconds.[0m
notifying browser that file changed:  target/cljsbuild/public/js/out/clj_text_input/core.js
Compiling build :app to "target/cljsbuild/public/js/app.js" from ["src/cljs" "src/cljc" "env/dev/cljs"]...
[32mSuccessfully compiled build :app to "target/cljsbuild/public/js/app.js" in 1.012 seconds.[0m
notifying browser that file changed:  target/cljsbuild/public/js/out/clj_text_input/core.js
Compiling build :app to "target/cljsbuild/public/js/app.js" from ["src/cljs" "src/cljc" "env/dev/cljs"]...
[32mSuccessfully compiled build :app to "target/cljsbuild/public/js/app.js" in 1.044 seconds.[0m
notifying browser that file changed:  target/cljsbuild/public/js/out/clj_text_input/core.js
Compiling build :app to "target/cljsbuild/public/js/app.js" from ["src/cljs" "src/cljc" "env/dev/cljs"]...
[32mSuccessfully compiled build :app to "target/cljsbuild/public/js/app.js" in 1.029 seconds.[0m
notifying browser that file changed:  target/cljsbuild/public/js/out/clj_text_input/core.js
Compiling build :app to "target/cljsbuild/public/js/app.js" from ["src/cljs" "src/cljc" "env/dev/cljs"]...
[32mSuccessfully compiled build :app to "target/cljsbuild/public/js/app.js" in 1.09 seconds.[0m
notifying browser that file changed:  target/cljsbuild/public/js/out/clj_text_input/core.js
Compiling build :app to "target/cljsbuild/public/js/app.js" from ["src/cljs" "src/cljc" "env/dev/cljs"]...
[32mSuccessfully compiled build :app to "target/cljsbuild/public/js/app.js" in 1.004 seconds.[0m
notifying browser that file changed:  target/cljsbuild/public/js/out/clj_text_input/core.js
Compiling build :app to "target/cljsbuild/public/js/app.js" from ["src/cljs" "src/cljc" "env/dev/cljs"]...
[32mSuccessfully compiled build :app to "target/cljsbuild/public/js/app.js" in 1.042 seconds.[0m
notifying browser that file changed:  target/cljsbuild/public/js/out/clj_text_input/core.js
Compiling build :app to "target/cljsbuild/public/js/app.js" from ["src/cljs" "src/cljc" "env/dev/cljs"]...
[32mSuccessfully compiled build :app to "target/cljsbuild/public/js/app.js" in 1.05 seconds.[0m
notifying browser that file changed:  target/cljsbuild/public/js/out/clj_text_input/core.js
Compiling build :app to "target/cljsbuild/public/js/app.js" from ["src/cljs" "src/cljc" "env/dev/cljs"]...
[32mSuccessfully compiled build :app to "target/cljsbuild/public/js/app.js" in 1.041 seconds.[0m
notifying browser that file changed:  target/cljsbuild/public/js/out/clj_text_input/core.js
Compiling build :app to "target/cljsbuild/public/js/app.js" from ["src/cljs" "src/cljc" "env/dev/cljs"]...
[32mSuccessfully compiled build :app to "target/cljsbuild/public/js/app.js" in 1.099 seconds.[0m
notifying browser that file changed:  target/cljsbuild/public/js/out/clj_text_input/core.js
Compiling build :app to "target/cljsbuild/public/js/app.js" from ["src/cljs" "src/cljc" "env/dev/cljs"]...
[32mSuccessfully compiled build :app to "target/cljsbuild/public/js/app.js" in 1.054 seconds.[0m
notifying browser that file changed:  target/cljsbuild/public/js/out/clj_text_input/core.js
Compiling build :app to "target/cljsbuild/public/js/app.js" from ["src/cljs" "src/cljc" "env/dev/cljs"]...
[32mSuccessfully compiled build :app to "target/cljsbuild/public/js/app.js" in 1.037 seconds.[0m
notifying browser that file changed:  target/cljsbuild/public/js/out/clj_text_input/core.js
Compiling build :app to "target/cljsbuild/public/js/app.js" from ["src/cljs" "src/cljc" "env/dev/cljs"]...
[32mSuccessfully compiled build :app to "target/cljsbuild/public/js/app.js" in 0.985 seconds.[0m
notifying browser that file changed:  target/cljsbuild/public/js/out/clj_text_input/core.js
Compiling build :app to "target/cljsbuild/public/js/app.js" from ["src/cljs" "src/cljc" "env/dev/cljs"]...
[32mSuccessfully compiled build :app to "target/cljsbuild/public/js/app.js" in 0.954 seconds.[0m
notifying browser that file changed:  target/cljsbuild/public/js/out/clj_text_input/core.js
Compiling build :app to "target/cljsbuild/public/js/app.js" from ["src/cljs" "src/cljc" "env/dev/cljs"]...
[32mSuccessfully compiled build :app to "target/cljsbuild/public/js/app.js" in 1.014 seconds.[0m
notifying browser that file changed:  target/cljsbuild/public/js/out/clj_text_input/core.js
Compiling build :app to "target/cljsbuild/public/js/app.js" from ["src/cljs" "src/cljc" "env/dev/cljs"]...
[32mSuccessfully compiled build :app to "target/cljsbuild/public/js/app.js" in 0.918 seconds.[0m
notifying browser that file changed:  target/cljsbuild/public/js/out/clj_text_input/core.js
Compiling build :app to "target/cljsbuild/public/js/app.js" from ["src/cljs" "src/cljc" "env/dev/cljs"]...
[32mSuccessfully compiled build :app to "target/cljsbuild/public/js/app.js" in 1.008 seconds.[0m
notifying browser that file changed:  target/cljsbuild/public/js/out/clj_text_input/core.js
Compiling build :app to "target/cljsbuild/public/js/app.js" from ["src/cljs" "src/cljc" "env/dev/cljs"]...
[32mSuccessfully compiled build :app to "target/cljsbuild/public/js/app.js" in 1.026 seconds.[0m
notifying browser that file changed:  target/cljsbuild/public/js/out/clj_text_input/core.js
Compiling build :app to "target/cljsbuild/public/js/app.js" from ["src/cljs" "src/cljc" "env/dev/cljs"]...
[32mSuccessfully compiled build :app to "target/cljsbuild/public/js/app.js" in 0.997 seconds.[0m
notifying browser that file changed:  target/cljsbuild/public/js/out/clj_text_input/core.js
Compiling build :app to "target/cljsbuild/public/js/app.js" from ["src/cljs" "src/cljc" "env/dev/cljs"]...
[32mSuccessfully compiled build :app to "target/cljsbuild/public/js/app.js" in 0.99 seconds.[0m
notifying browser that file changed:  target/cljsbuild/public/js/out/clj_text_input/core.js
Compiling build :app to "target/cljsbuild/public/js/app.js" from ["src/cljs" "src/cljc" "env/dev/cljs"]...
[32mSuccessfully compiled build :app to "target/cljsbuild/public/js/app.js" in 0.991 seconds.[0m
notifying browser that file changed:  target/cljsbuild/public/js/out/clj_text_input/core.js
Compiling build :app to "target/cljsbuild/public/js/app.js" from ["src/cljs" "src/cljc" "env/dev/cljs"]...
[32mSuccessfully compiled build :app to "target/cljsbuild/public/js/app.js" in 0.936 seconds.[0m
notifying browser that file changed:  target/cljsbuild/public/js/out/clj_text_input/core.js
Compiling build :app to "target/cljsbuild/public/js/app.js" from ["src/cljs" "src/cljc" "env/dev/cljs"]...
[32mSuccessfully compiled build :app to "target/cljsbuild/public/js/app.js" in 0.967 seconds.[0m
notifying browser that file changed:  target/cljsbuild/public/js/out/clj_text_input/core.js
Compiling build :app to "target/cljsbuild/public/js/app.js" from ["src/cljs" "src/cljc" "env/dev/cljs"]...
[32mSuccessfully compiled build :app to "target/cljsbuild/public/js/app.js" in 0.918 seconds.[0m
notifying browser that file changed:  target/cljsbuild/public/js/out/clj_text_input/core.js
Compiling build :app to "target/cljsbuild/public/js/app.js" from ["src/cljs" "src/cljc" "env/dev/cljs"]...
[32mSuccessfully compiled build :app to "target/cljsbuild/public/js/app.js" in 0.954 seconds.[0m
notifying browser that file changed:  target/cljsbuild/public/js/out/clj_text_input/core.js
Compiling build :app to "target/cljsbuild/public/js/app.js" from ["src/cljs" "src/cljc" "env/dev/cljs"]...
[32mSuccessfully compiled build :app to "target/cljsbuild/public/js/app.js" in 1.033 seconds.[0m
notifying browser that file changed:  target/cljsbuild/public/js/out/clj_text_input/core.js
Compiling build :app to "target/cljsbuild/public/js/app.js" from ["src/cljs" "src/cljc" "env/dev/cljs"]...
[32mSuccessfully compiled build :app to "target/cljsbuild/public/js/app.js" in 0.904 seconds.[0m
notifying browser that file changed:  target/cljsbuild/public/js/out/clj_text_input/core.js
Compiling build :app to "target/cljsbuild/public/js/app.js" from ["src/cljs" "src/cljc" "env/dev/cljs"]...
[32mSuccessfully compiled build :app to "target/cljsbuild/public/js/app.js" in 0.976 seconds.[0m
notifying browser that file changed:  target/cljsbuild/public/js/out/clj_text_input/core.js
Compiling build :app to "target/cljsbuild/public/js/app.js" from ["src/cljs" "src/cljc" "env/dev/cljs"]...
[32mSuccessfully compiled build :app to "target/cljsbuild/public/js/app.js" in 1.0 seconds.[0m
notifying browser that file changed:  target/cljsbuild/public/js/out/clj_text_input/core.js
Compiling build :app to "target/cljsbuild/public/js/app.js" from ["src/cljs" "src/cljc" "env/dev/cljs"]...
[32mSuccessfully compiled build :app to "target/cljsbuild/public/js/app.js" in 1.107 seconds.[0m
notifying browser that file changed:  target/cljsbuild/public/js/out/clj_text_input/core.js
Compiling build :app to "target/cljsbuild/public/js/app.js" from ["src/cljs" "src/cljc" "env/dev/cljs"]...
[32mSuccessfully compiled build :app to "target/cljsbuild/public/js/app.js" in 1.061 seconds.[0m
notifying browser that file changed:  target/cljsbuild/public/js/out/clj_text_input/core.js
Compiling build :app to "target/cljsbuild/public/js/app.js" from ["src/cljs" "src/cljc" "env/dev/cljs"]...
[32mSuccessfully compiled build :app to "target/cljsbuild/public/js/app.js" in 0.989 seconds.[0m
notifying browser that file changed:  target/cljsbuild/public/js/out/clj_text_input/core.js
Compiling build :app to "target/cljsbuild/public/js/app.js" from ["src/cljs" "src/cljc" "env/dev/cljs"]...
[32mSuccessfully compiled build :app to "target/cljsbuild/public/js/app.js" in 0.935 seconds.[0m
notifying browser that file changed:  target/cljsbuild/public/js/out/clj_text_input/core.js
Compiling build :app to "target/cljsbuild/public/js/app.js" from ["src/cljs" "src/cljc" "env/dev/cljs"]...
[31mFailed to compile build :app from ["src/cljs" "src/cljc" "env/dev/cljs"] in 0.591 seconds.[0m
[36m----  Could not Analyze  src/cljs/clj_text_input/core.cljs   line:49  column:22  ----[0m

  [1mToo few arguments to if at line 49 /home/elect/GitHub/clj-text-input/src/cljs/clj_text_input/core.cljs[0m

  [36m47[0m  [36m                   (swap! fields assoc id (-> % .-target .-value)))[0m
  [36m48[0m  [36m     :on-key-press (fn [e][0m
  [33m49[0m  [1m                     (if (= 13 (.-charCode e)[0m
  [0m  [0m  [33m                     ^--- Too few arguments to if at line 49 /home/elect/GitHub/clj-text-input/src/cljs/clj_text_input/core.cljs[0m
  [36m50[0m  [36m                            (.log js/console "WWW"))))}]])[0m
  [36m51[0m  [36m[0m
  [36m52[0m  [36m(defn home-page [][0m

[36m----  Analysis Error : Please see src/cljs/clj_text_input/core.cljs  ----[0m
Compiling build :app to "target/cljsbuild/public/js/app.js" from ["src/cljs" "src/cljc" "env/dev/cljs"]...
[32mSuccessfully compiled build :app to "target/cljsbuild/public/js/app.js" in 0.957 seconds.[0m
notifying browser that file changed:  target/cljsbuild/public/js/out/clj_text_input/core.js
Compiling build :app to "target/cljsbuild/public/js/app.js" from ["src/cljs" "src/cljc" "env/dev/cljs"]...
[32mSuccessfully compiled build :app to "target/cljsbuild/public/js/app.js" in 1.0 seconds.[0m
notifying browser that file changed:  target/cljsbuild/public/js/out/clj_text_input/core.js
Compiling build :app to "target/cljsbuild/public/js/app.js" from ["src/cljs" "src/cljc" "env/dev/cljs"]...
[36m----  Compiler Warning on   src/cljs/clj_text_input/core.cljs   line:62  column:79  ----[0m

  [1mUse of undeclared Var clj-text-input.core/Date[0m

  [36m58[0m  [36m(let [fields (r/atom {:cel nil :far nil})[0m
  [36m59[0m  [36m      start-time (r/atom nil)][0m
  [36m60[0m  [36m  [:div.container[0m
  [36m61[0m  [36m   [:button.btn.btn-primary[0m
  [33m62[0m  [1m    {:on-click #(do (.log js/console "WWWWW") (reset! start-time (.getTime (Date.))))}[0m
  [0m  [0m  [33m                                                                           ^--- Use of undeclared Var clj-text-input.core/Date[0m
  [36m63[0m  [36m    "Timer Start!"][0m
  [36m64[0m  [36m   [form-input "Celsius" "XX.X" :cel fields][0m
  [36m65[0m  [36m   [form-input "Fahrenheit" "XX.X" :far fields][0m
  [36m66[0m  [36m   ])[0m
  [36m67[0m  [36m])[0m

[36m----  Compiler Warning : Please see src/cljs/clj_text_input/core.cljs  ----[0m
[36m----  Compiler Warning on   src/cljs/clj_text_input/core.cljs   line:62  column:79  ----[0m

  [1mUse of undeclared Var clj-text-input.core/Date[0m

  [36m58[0m  [36m(let [fields (r/atom {:cel nil :far nil})[0m
  [36m59[0m  [36m      start-time (r/atom nil)][0m
  [36m60[0m  [36m  [:div.container[0m
  [36m61[0m  [36m   [:button.btn.btn-primary[0m
  [33m62[0m  [1m    {:on-click #(do (.log js/console "WWWWW") (reset! start-time (.getTime (Date.))))}[0m
  [0m  [0m  [33m                                                                           ^--- Use of undeclared Var clj-text-input.core/Date[0m
  [36m63[0m  [36m    "Timer Start!"][0m
  [36m64[0m  [36m   [form-input "Celsius" "XX.X" :cel fields][0m
  [36m65[0m  [36m   [form-input "Fahrenheit" "XX.X" :far fields][0m
  [36m66[0m  [36m   ])[0m
  [36m67[0m  [36m])[0m

[36m----  Compiler Warning : Please see src/cljs/clj_text_input/core.cljs  ----[0m
[32mSuccessfully compiled build :app to "target/cljsbuild/public/js/app.js" in 1.162 seconds.[0m
notifying browser that file changed:  target/cljsbuild/public/js/out/clj_text_input/core.js
Compiling build :app to "target/cljsbuild/public/js/app.js" from ["src/cljs" "src/cljc" "env/dev/cljs"]...
[32mSuccessfully compiled build :app to "target/cljsbuild/public/js/app.js" in 1.001 seconds.[0m
notifying browser that file changed:  target/cljsbuild/public/js/out/clj_text_input/core.js
Compiling build :app to "target/cljsbuild/public/js/app.js" from ["src/cljs" "src/cljc" "env/dev/cljs"]...
[32mSuccessfully compiled build :app to "target/cljsbuild/public/js/app.js" in 0.905 seconds.[0m
notifying browser that file changed:  target/cljsbuild/public/js/out/clj_text_input/core.js
Compiling build :app to "target/cljsbuild/public/js/app.js" from ["src/cljs" "src/cljc" "env/dev/cljs"]...
[32mSuccessfully compiled build :app to "target/cljsbuild/public/js/app.js" in 0.917 seconds.[0m
notifying browser that file changed:  target/cljsbuild/public/js/out/clj_text_input/core.js
Compiling build :app to "target/cljsbuild/public/js/app.js" from ["src/cljs" "src/cljc" "env/dev/cljs"]...
[32mSuccessfully compiled build :app to "target/cljsbuild/public/js/app.js" in 0.852 seconds.[0m
notifying browser that file changed:  target/cljsbuild/public/js/out/clj_text_input/core.js
Compiling build :app to "target/cljsbuild/public/js/app.js" from ["src/cljs" "src/cljc" "env/dev/cljs"]...
[32mSuccessfully compiled build :app to "target/cljsbuild/public/js/app.js" in 0.997 seconds.[0m
notifying browser that file changed:  target/cljsbuild/public/js/out/clj_text_input/core.js
Compiling build :app to "target/cljsbuild/public/js/app.js" from ["src/cljs" "src/cljc" "env/dev/cljs"]...
[32mSuccessfully compiled build :app to "target/cljsbuild/public/js/app.js" in 0.934 seconds.[0m
notifying browser that file changed:  target/cljsbuild/public/js/out/clj_text_input/core.js
Compiling build :app to "target/cljsbuild/public/js/app.js" from ["src/cljs" "src/cljc" "env/dev/cljs"]...
[32mSuccessfully compiled build :app to "target/cljsbuild/public/js/app.js" in 0.934 seconds.[0m
notifying browser that file changed:  target/cljsbuild/public/js/out/clj_text_input/core.js
Compiling build :app to "target/cljsbuild/public/js/app.js" from ["src/cljs" "src/cljc" "env/dev/cljs"]...
[32mSuccessfully compiled build :app to "target/cljsbuild/public/js/app.js" in 0.988 seconds.[0m
notifying browser that file changed:  target/cljsbuild/public/js/out/clj_text_input/core.js
Compiling build :app to "target/cljsbuild/public/js/app.js" from ["src/cljs" "src/cljc" "env/dev/cljs"]...
[32mSuccessfully compiled build :app to "target/cljsbuild/public/js/app.js" in 0.921 seconds.[0m
notifying browser that file changed:  target/cljsbuild/public/js/out/clj_text_input/core.js
Compiling build :app to "target/cljsbuild/public/js/app.js" from ["src/cljs" "src/cljc" "env/dev/cljs"]...
[32mSuccessfully compiled build :app to "target/cljsbuild/public/js/app.js" in 0.858 seconds.[0m
notifying browser that file changed:  target/cljsbuild/public/js/out/clj_text_input/core.js
Compiling build :app to "target/cljsbuild/public/js/app.js" from ["src/cljs" "src/cljc" "env/dev/cljs"]...
[32mSuccessfully compiled build :app to "target/cljsbuild/public/js/app.js" in 0.892 seconds.[0m
notifying browser that file changed:  target/cljsbuild/public/js/out/clj_text_input/core.js
Compiling build :app to "target/cljsbuild/public/js/app.js" from ["src/cljs" "src/cljc" "env/dev/cljs"]...
[32mSuccessfully compiled build :app to "target/cljsbuild/public/js/app.js" in 1.054 seconds.[0m
notifying browser that file changed:  target/cljsbuild/public/js/out/clj_text_input/core.js
Compiling build :app to "target/cljsbuild/public/js/app.js" from ["src/cljs" "src/cljc" "env/dev/cljs"]...
[32mSuccessfully compiled build :app to "target/cljsbuild/public/js/app.js" in 0.939 seconds.[0m
notifying browser that file changed:  target/cljsbuild/public/js/out/clj_text_input/core.js
Compiling build :app to "target/cljsbuild/public/js/app.js" from ["src/cljs" "src/cljc" "env/dev/cljs"]...
[32mSuccessfully compiled build :app to "target/cljsbuild/public/js/app.js" in 0.997 seconds.[0m
notifying browser that file changed:  target/cljsbuild/public/js/out/clj_text_input/core.js
Compiling build :app to "target/cljsbuild/public/js/app.js" from ["src/cljs" "src/cljc" "env/dev/cljs"]...
[32mSuccessfully compiled build :app to "target/cljsbuild/public/js/app.js" in 1.061 seconds.[0m
notifying browser that file changed:  target/cljsbuild/public/js/out/clj_text_input/core.js
Compiling build :app to "target/cljsbuild/public/js/app.js" from ["src/cljs" "src/cljc" "env/dev/cljs"]...
[32mSuccessfully compiled build :app to "target/cljsbuild/public/js/app.js" in 1.016 seconds.[0m
notifying browser that file changed:  target/cljsbuild/public/js/out/clj_text_input/core.js
Compiling build :app to "target/cljsbuild/public/js/app.js" from ["src/cljs" "src/cljc" "env/dev/cljs"]...
[32mSuccessfully compiled build :app to "target/cljsbuild/public/js/app.js" in 1.278 seconds.[0m
notifying browser that file changed:  target/cljsbuild/public/js/out/clj_text_input/core.js
Compiling build :app to "target/cljsbuild/public/js/app.js" from ["src/cljs" "src/cljc" "env/dev/cljs"]...
[32mSuccessfully compiled build :app to "target/cljsbuild/public/js/app.js" in 1.081 seconds.[0m
notifying browser that file changed:  target/cljsbuild/public/js/out/clj_text_input/core.js
Compiling build :app to "target/cljsbuild/public/js/app.js" from ["src/cljs" "src/cljc" "env/dev/cljs"]...
[32mSuccessfully compiled build :app to "target/cljsbuild/public/js/app.js" in 1.068 seconds.[0m
notifying browser that file changed:  target/cljsbuild/public/js/out/clj_text_input/core.js
Compiling build :app to "target/cljsbuild/public/js/app.js" from ["src/cljs" "src/cljc" "env/dev/cljs"]...
[32mSuccessfully compiled build :app to "target/cljsbuild/public/js/app.js" in 0.947 seconds.[0m
notifying browser that file changed:  target/cljsbuild/public/js/out/clj_text_input/core.js
Compiling build :app to "target/cljsbuild/public/js/app.js" from ["src/cljs" "src/cljc" "env/dev/cljs"]...
[32mSuccessfully compiled build :app to "target/cljsbuild/public/js/app.js" in 1.219 seconds.[0m
notifying browser that file changed:  target/cljsbuild/public/js/out/clj_text_input/core.js
Compiling build :app to "target/cljsbuild/public/js/app.js" from ["src/cljs" "src/cljc" "env/dev/cljs"]...
[36m----  Compiler Warning on   src/cljs/clj_text_input/core.cljs   line:68  column:17  ----[0m

  [1mWrong number of args (0) passed to reagent.core/atom[0m

  [36m64[0m  [36m(defn home-page [][0m
  [36m65[0m  [36m  [:div[0m
  [36m66[0m  [36m   (let [fields (r/atom {:cel nil :far nil})[0m
  [36m67[0m  [36m         start-time (r/atom nil)[0m
  [33m68[0m  [1m         result (r/atom )][0m
  [0m  [0m  [33m                ^--- Wrong number of args (0) passed to reagent.core/atom[0m
  [36m69[0m  [36m     [:div.container[0m
  [36m70[0m  [36m      [:button.btn.btn-primary[0m
  [36m71[0m  [36m       {:on-click #(do (reset! start-time (.getTime (js/Date.)))[0m
  [36m72[0m  [36m                       (swap! result :state false))}[0m
  [36m73[0m  [36m       "Timer Start!"][0m

[36m----  Compiler Warning : Please see src/cljs/clj_text_input/core.cljs  ----[0m
[32mSuccessfully compiled build :app to "target/cljsbuild/public/js/app.js" in 1.049 seconds.[0m
notifying browser that file changed:  target/cljsbuild/public/js/out/clj_text_input/core.js
Compiling build :app to "target/cljsbuild/public/js/app.js" from ["src/cljs" "src/cljc" "env/dev/cljs"]...
[32mSuccessfully compiled build :app to "target/cljsbuild/public/js/app.js" in 1.039 seconds.[0m
notifying browser that file changed:  target/cljsbuild/public/js/out/clj_text_input/core.js
Compiling build :app to "target/cljsbuild/public/js/app.js" from ["src/cljs" "src/cljc" "env/dev/cljs"]...
[32mSuccessfully compiled build :app to "target/cljsbuild/public/js/app.js" in 1.026 seconds.[0m
notifying browser that file changed:  target/cljsbuild/public/js/out/clj_text_input/core.js
Compiling build :app to "target/cljsbuild/public/js/app.js" from ["src/cljs" "src/cljc" "env/dev/cljs"]...
[32mSuccessfully compiled build :app to "target/cljsbuild/public/js/app.js" in 1.073 seconds.[0m
notifying browser that file changed:  target/cljsbuild/public/js/out/clj_text_input/core.js
Compiling build :app to "target/cljsbuild/public/js/app.js" from ["src/cljs" "src/cljc" "env/dev/cljs"]...
[32mSuccessfully compiled build :app to "target/cljsbuild/public/js/app.js" in 1.042 seconds.[0m
notifying browser that file changed:  target/cljsbuild/public/js/out/clj_text_input/core.js
Compiling build :app to "target/cljsbuild/public/js/app.js" from ["src/cljs" "src/cljc" "env/dev/cljs"]...
[32mSuccessfully compiled build :app to "target/cljsbuild/public/js/app.js" in 0.927 seconds.[0m
notifying browser that file changed:  target/cljsbuild/public/js/out/clj_text_input/core.js
Compiling build :app to "target/cljsbuild/public/js/app.js" from ["src/cljs" "src/cljc" "env/dev/cljs"]...
[32mSuccessfully compiled build :app to "target/cljsbuild/public/js/app.js" in 0.991 seconds.[0m
notifying browser that file changed:  target/cljsbuild/public/js/out/clj_text_input/core.js
Compiling build :app to "target/cljsbuild/public/js/app.js" from ["src/cljs" "src/cljc" "env/dev/cljs"]...
[32mSuccessfully compiled build :app to "target/cljsbuild/public/js/app.js" in 1.093 seconds.[0m
notifying browser that file changed:  target/cljsbuild/public/js/out/clj_text_input/core.js
Compiling build :app to "target/cljsbuild/public/js/app.js" from ["src/cljs" "src/cljc" "env/dev/cljs"]...
[32mSuccessfully compiled build :app to "target/cljsbuild/public/js/app.js" in 1.011 seconds.[0m
notifying browser that file changed:  target/cljsbuild/public/js/out/clj_text_input/core.js
Compiling build :app to "target/cljsbuild/public/js/app.js" from ["src/cljs" "src/cljc" "env/dev/cljs"]...
[32mSuccessfully compiled build :app to "target/cljsbuild/public/js/app.js" in 0.952 seconds.[0m
notifying browser that file changed:  target/cljsbuild/public/js/out/clj_text_input/core.js
Compiling build :app to "target/cljsbuild/public/js/app.js" from ["src/cljs" "src/cljc" "env/dev/cljs"]...
[32mSuccessfully compiled build :app to "target/cljsbuild/public/js/app.js" in 1.087 seconds.[0m
notifying browser that file changed:  target/cljsbuild/public/js/out/clj_text_input/core.js
Compiling build :app to "target/cljsbuild/public/js/app.js" from ["src/cljs" "src/cljc" "env/dev/cljs"]...
[32mSuccessfully compiled build :app to "target/cljsbuild/public/js/app.js" in 0.923 seconds.[0m
notifying browser that file changed:  target/cljsbuild/public/js/out/clj_text_input/core.js
Compiling build :app to "target/cljsbuild/public/js/app.js" from ["src/cljs" "src/cljc" "env/dev/cljs"]...
[32mSuccessfully compiled build :app to "target/cljsbuild/public/js/app.js" in 1.014 seconds.[0m
notifying browser that file changed:  target/cljsbuild/public/js/out/clj_text_input/core.js
Compiling build :app to "target/cljsbuild/public/js/app.js" from ["src/cljs" "src/cljc" "env/dev/cljs"]...
[32mSuccessfully compiled build :app to "target/cljsbuild/public/js/app.js" in 0.937 seconds.[0m
notifying browser that file changed:  target/cljsbuild/public/js/out/clj_text_input/core.js
Compiling build :app to "target/cljsbuild/public/js/app.js" from ["src/cljs" "src/cljc" "env/dev/cljs"]...
[32mSuccessfully compiled build :app to "target/cljsbuild/public/js/app.js" in 0.928 seconds.[0m
notifying browser that file changed:  target/cljsbuild/public/js/out/clj_text_input/core.js
Compiling build :app to "target/cljsbuild/public/js/app.js" from ["src/cljs" "src/cljc" "env/dev/cljs"]...
[32mSuccessfully compiled build :app to "target/cljsbuild/public/js/app.js" in 0.967 seconds.[0m
notifying browser that file changed:  target/cljsbuild/public/js/out/clj_text_input/core.js
Compiling build :app to "target/cljsbuild/public/js/app.js" from ["src/cljs" "src/cljc" "env/dev/cljs"]...
[36m----  Compiler Warning on   src/cljs/clj_text_input/core.cljs   line:78  column:9  ----[0m

  [1mUse of undeclared Var clj-text-input.core/a[0m

  [36m74[0m  [36m    "Timer Start!"][0m
  [36m75[0m  [36m   [form-input "Celsius" "XX.X" :cel fields start-time result][0m
  [36m76[0m  [36m   [form-input "Fahrenheit" "XX.X" :far fields start-time result][0m
  [36m77[0m  [36m   [:div[0m
  [33m78[0m  [1m    [a result][0m
  [0m  [0m  [33m     ^--- Use of undeclared Var clj-text-input.core/a[0m
  [36m79[0m  [36m    (when (:state @result)[0m
  [36m80[0m  [36m      [:label "Time :" [:p (:time @result)]][0m
  [36m81[0m  [36m      [:label "Result :" [:p (:state @result)]])][0m
  [36m82[0m  [36m   ])[0m
  [36m83[0m  [36m])[0m

[36m----  Compiler Warning : Please see src/cljs/clj_text_input/core.cljs  ----[0m
[32mSuccessfully compiled build :app to "target/cljsbuild/public/js/app.js" in 1.055 seconds.[0m
notifying browser that file changed:  target/cljsbuild/public/js/out/clj_text_input/core.js
Compiling build :app to "target/cljsbuild/public/js/app.js" from ["src/cljs" "src/cljc" "env/dev/cljs"]...
[36m----  Compiler Warning on   src/cljs/clj_text_input/core.cljs   line:77  column:9  ----[0m

  [1mUse of undeclared Var clj-text-input.core/a[0m

  [36m73[0m  [36m    "Timer Start!"][0m
  [36m74[0m  [36m   [form-input "Celsius" "XX.X" :cel fields start-time result][0m
  [36m75[0m  [36m   [form-input "Fahrenheit" "XX.X" :far fields start-time result][0m
  [36m76[0m  [36m   [:div[0m
  [33m77[0m  [1m    [a result][0m
  [0m  [0m  [33m     ^--- Use of undeclared Var clj-text-input.core/a[0m
  [36m78[0m  [36m    (when (:state @result)[0m
  [36m79[0m  [36m      [:label "Time :" [:p (:time @result)]][0m
  [36m80[0m  [36m      [:label "Result :" [:p (:state @result)]])][0m
  [36m81[0m  [36m   ])[0m
  [36m82[0m  [36m])[0m

[36m----  Compiler Warning : Please see src/cljs/clj_text_input/core.cljs  ----[0m
[32mSuccessfully compiled build :app to "target/cljsbuild/public/js/app.js" in 0.994 seconds.[0m
notifying browser that file changed:  target/cljsbuild/public/js/out/clj_text_input/core.js
Compiling build :app to "target/cljsbuild/public/js/app.js" from ["src/cljs" "src/cljc" "env/dev/cljs"]...
[32mSuccessfully compiled build :app to "target/cljsbuild/public/js/app.js" in 0.982 seconds.[0m
notifying browser that file changed:  target/cljsbuild/public/js/out/clj_text_input/core.js
Compiling build :app to "target/cljsbuild/public/js/app.js" from ["src/cljs" "src/cljc" "env/dev/cljs"]...
[32mSuccessfully compiled build :app to "target/cljsbuild/public/js/app.js" in 0.934 seconds.[0m
notifying browser that file changed:  target/cljsbuild/public/js/out/clj_text_input/core.js
Compiling build :app to "target/cljsbuild/public/js/app.js" from ["src/cljs" "src/cljc" "env/dev/cljs"]...
[32mSuccessfully compiled build :app to "target/cljsbuild/public/js/app.js" in 2.002 seconds.[0m
notifying browser that file changed:  target/cljsbuild/public/js/out/clj_text_input/core.js
Compiling build :app to "target/cljsbuild/public/js/app.js" from ["src/cljs" "src/cljc" "env/dev/cljs"]...
[32mSuccessfully compiled build :app to "target/cljsbuild/public/js/app.js" in 0.903 seconds.[0m
notifying browser that file changed:  target/cljsbuild/public/js/out/clj_text_input/core.js
Compiling build :app to "target/cljsbuild/public/js/app.js" from ["src/cljs" "src/cljc" "env/dev/cljs"]...
[36m----  Compiler Warning on   src/cljs/clj_text_input/core.cljs   line:68  column:1  ----[0m

  [1mtest already refers to: cljs.core/test being replaced by: clj-text-input.core/test[0m

  [36m64[0m  [36m                        (.log js/console @result)))}]][0m
  [36m65[0m  [36m   (if (:state @result)[0m
  [36m66[0m  [36m     [:p "WWW"])])[0m
  [36m67[0m  [36m[0m
  [33m68[0m  [1m(defn test [result][0m
  [0m  [0m  [33m^--- test already refers to: cljs.core/test being replaced by: clj-text-input.core/test[0m
  [36m69[0m  [36m  [:div[0m
  [36m70[0m  [36m   (if (:state @result)[0m
  [36m71[0m  [36m     [:p "www"])])[0m
  [36m72[0m  [36m(defn home-page [][0m
  [36m73[0m  [36m  [:div[0m

[36m----  Compiler Warning : Please see src/cljs/clj_text_input/core.cljs  ----[0m
[32mSuccessfully compiled build :app to "target/cljsbuild/public/js/app.js" in 0.99 seconds.[0m
notifying browser that file changed:  target/cljsbuild/public/js/out/clj_text_input/core.js
Compiling build :app to "target/cljsbuild/public/js/app.js" from ["src/cljs" "src/cljc" "env/dev/cljs"]...
[36m----  Compiler Warning on   src/cljs/clj_text_input/core.cljs   line:68  column:1  ----[0m

  [1mtest already refers to: cljs.core/test being replaced by: clj-text-input.core/test[0m

  [36m64[0m  [36m                        (.log js/console @result)))}]][0m
  [36m65[0m  [36m   (if (:state @result)[0m
  [36m66[0m  [36m     [:p "WWW"])])[0m
  [36m67[0m  [36m[0m
  [33m68[0m  [1m(defn test [result][0m
  [0m  [0m  [33m^--- test already refers to: cljs.core/test being replaced by: clj-text-input.core/test[0m
  [36m69[0m  [36m  [:div[0m
  [36m70[0m  [36m   (if (:state @result)[0m
  [36m71[0m  [36m     [:p "www"])])[0m
  [36m72[0m  [36m(defn home-page [][0m
  [36m73[0m  [36m  [:div[0m

[36m----  Compiler Warning : Please see src/cljs/clj_text_input/core.cljs  ----[0m
[32mSuccessfully compiled build :app to "target/cljsbuild/public/js/app.js" in 1.006 seconds.[0m
notifying browser that file changed:  target/cljsbuild/public/js/out/clj_text_input/core.js
Compiling build :app to "target/cljsbuild/public/js/app.js" from ["src/cljs" "src/cljc" "env/dev/cljs"]...
[32mSuccessfully compiled build :app to "target/cljsbuild/public/js/app.js" in 0.966 seconds.[0m
notifying browser that file changed:  target/cljsbuild/public/js/out/clj_text_input/core.js
Compiling build :app to "target/cljsbuild/public/js/app.js" from ["src/cljs" "src/cljc" "env/dev/cljs"]...
[31mFailed to compile build :app from ["src/cljs" "src/cljc" "env/dev/cljs"] in 0.584 seconds.[0m
[36m----  Could not Analyze  src/cljs/clj_text_input/core.cljs   line:69  column:4  ----[0m

  [1mToo few arguments to if at line 69 /home/elect/GitHub/clj-text-input/src/cljs/clj_text_input/core.cljs[0m

  [36m67[0m  [36m(defn b [result][0m
  [36m68[0m  [36m  [:div[0m
  [33m69[0m  [1m   (if (:state @result)[0m
  [0m  [0m  [33m   ^--- Too few arguments to if at line 69 /home/elect/GitHub/clj-text-input/src/cljs/clj_text_input/core.cljs[0m
  [36m70[0m  [36m     )])[0m
  [36m71[0m  [36m[0m
  [36m72[0m  [36m(defn home-page [][0m

[36m----  Analysis Error : Please see src/cljs/clj_text_input/core.cljs  ----[0m
Compiling build :app to "target/cljsbuild/public/js/app.js" from ["src/cljs" "src/cljc" "env/dev/cljs"]...
[31mFailed to compile build :app from ["src/cljs" "src/cljc" "env/dev/cljs"] in 0.519 seconds.[0m
[36m----  Could not Analyze  src/cljs/clj_text_input/core.cljs   line:66  column:4  ----[0m

  [1mToo few arguments to if at line 66 /home/elect/GitHub/clj-text-input/src/cljs/clj_text_input/core.cljs[0m

  [36m64[0m  [36m(defn b [result][0m
  [36m65[0m  [36m  [:div[0m
  [33m66[0m  [1m   (if (:state @result)[0m
  [0m  [0m  [33m   ^--- Too few arguments to if at line 66 /home/elect/GitHub/clj-text-input/src/cljs/clj_text_input/core.cljs[0m
  [36m67[0m  [36m     )])[0m
  [36m68[0m  [36m[0m
  [36m69[0m  [36m(defn home-page [][0m

[36m----  Analysis Error : Please see src/cljs/clj_text_input/core.cljs  ----[0m
Compiling build :app to "target/cljsbuild/public/js/app.js" from ["src/cljs" "src/cljc" "env/dev/cljs"]...
[32mSuccessfully compiled build :app to "target/cljsbuild/public/js/app.js" in 1.003 seconds.[0m
notifying browser that file changed:  target/cljsbuild/public/js/out/clj_text_input/core.js
Compiling build :app to "target/cljsbuild/public/js/app.js" from ["src/cljs" "src/cljc" "env/dev/cljs"]...
[32mSuccessfully compiled build :app to "target/cljsbuild/public/js/app.js" in 0.974 seconds.[0m
notifying browser that file changed:  target/cljsbuild/public/js/out/clj_text_input/core.js
Compiling build :app to "target/cljsbuild/public/js/app.js" from ["src/cljs" "src/cljc" "env/dev/cljs"]...
[32mSuccessfully compiled build :app to "target/cljsbuild/public/js/app.js" in 0.995 seconds.[0m
notifying browser that file changed:  target/cljsbuild/public/js/out/clj_text_input/core.js
Compiling build :app to "target/cljsbuild/public/js/app.js" from ["src/cljs" "src/cljc" "env/dev/cljs"]...
[32mSuccessfully compiled build :app to "target/cljsbuild/public/js/app.js" in 1.039 seconds.[0m
notifying browser that file changed:  target/cljsbuild/public/js/out/clj_text_input/core.js
Compiling build :app to "target/cljsbuild/public/js/app.js" from ["src/cljs" "src/cljc" "env/dev/cljs"]...
[32mSuccessfully compiled build :app to "target/cljsbuild/public/js/app.js" in 1.008 seconds.[0m
notifying browser that file changed:  target/cljsbuild/public/js/out/clj_text_input/core.js
Compiling build :app to "target/cljsbuild/public/js/app.js" from ["src/cljs" "src/cljc" "env/dev/cljs"]...
[32mSuccessfully compiled build :app to "target/cljsbuild/public/js/app.js" in 1.04 seconds.[0m
notifying browser that file changed:  target/cljsbuild/public/js/out/clj_text_input/core.js
Compiling build :app to "target/cljsbuild/public/js/app.js" from ["src/cljs" "src/cljc" "env/dev/cljs"]...
[32mSuccessfully compiled build :app to "target/cljsbuild/public/js/app.js" in 0.98 seconds.[0m
notifying browser that file changed:  target/cljsbuild/public/js/out/clj_text_input/core.js
Compiling build :app to "target/cljsbuild/public/js/app.js" from ["src/cljs" "src/cljc" "env/dev/cljs"]...
[32mSuccessfully compiled build :app to "target/cljsbuild/public/js/app.js" in 1.015 seconds.[0m
notifying browser that file changed:  target/cljsbuild/public/js/out/clj_text_input/core.js
Compiling build :app to "target/cljsbuild/public/js/app.js" from ["src/cljs" "src/cljc" "env/dev/cljs"]...
[32mSuccessfully compiled build :app to "target/cljsbuild/public/js/app.js" in 0.91 seconds.[0m
notifying browser that file changed:  target/cljsbuild/public/js/out/clj_text_input/core.js
Compiling build :app to "target/cljsbuild/public/js/app.js" from ["src/cljs" "src/cljc" "env/dev/cljs"]...
[32mSuccessfully compiled build :app to "target/cljsbuild/public/js/app.js" in 0.925 seconds.[0m
notifying browser that file changed:  target/cljsbuild/public/js/out/clj_text_input/core.js
Compiling build :app to "target/cljsbuild/public/js/app.js" from ["src/cljs" "src/cljc" "env/dev/cljs"]...
[32mSuccessfully compiled build :app to "target/cljsbuild/public/js/app.js" in 1.115 seconds.[0m
notifying browser that file changed:  target/cljsbuild/public/js/out/clj_text_input/core.js
Compiling build :app to "target/cljsbuild/public/js/app.js" from ["src/cljs" "src/cljc" "env/dev/cljs"]...
[32mSuccessfully compiled build :app to "target/cljsbuild/public/js/app.js" in 0.919 seconds.[0m
notifying browser that file changed:  target/cljsbuild/public/js/out/clj_text_input/core.js
Compiling build :app to "target/cljsbuild/public/js/app.js" from ["src/cljs" "src/cljc" "env/dev/cljs"]...
[32mSuccessfully compiled build :app to "target/cljsbuild/public/js/app.js" in 1.032 seconds.[0m
notifying browser that file changed:  target/cljsbuild/public/js/out/clj_text_input/core.js
Compiling build :app to "target/cljsbuild/public/js/app.js" from ["src/cljs" "src/cljc" "env/dev/cljs"]...
[32mSuccessfully compiled build :app to "target/cljsbuild/public/js/app.js" in 1.128 seconds.[0m
notifying browser that file changed:  target/cljsbuild/public/js/out/clj_text_input/core.js
Compiling build :app to "target/cljsbuild/public/js/app.js" from ["src/cljs" "src/cljc" "env/dev/cljs"]...
[32mSuccessfully compiled build :app to "target/cljsbuild/public/js/app.js" in 0.982 seconds.[0m
notifying browser that file changed:  target/cljsbuild/public/js/out/clj_text_input/core.js
Compiling build :app to "target/cljsbuild/public/js/app.js" from ["src/cljs" "src/cljc" "env/dev/cljs"]...
[32mSuccessfully compiled build :app to "target/cljsbuild/public/js/app.js" in 0.93 seconds.[0m
notifying browser that file changed:  target/cljsbuild/public/js/out/clj_text_input/core.js
Compiling build :app to "target/cljsbuild/public/js/app.js" from ["src/cljs" "src/cljc" "env/dev/cljs"]...
[32mSuccessfully compiled build :app to "target/cljsbuild/public/js/app.js" in 0.985 seconds.[0m
notifying browser that file changed:  target/cljsbuild/public/js/out/clj_text_input/core.js
Compiling build :app to "target/cljsbuild/public/js/app.js" from ["src/cljs" "src/cljc" "env/dev/cljs"]...
[32mSuccessfully compiled build :app to "target/cljsbuild/public/js/app.js" in 1.017 seconds.[0m
notifying browser that file changed:  target/cljsbuild/public/js/out/clj_text_input/core.js
Compiling build :app to "target/cljsbuild/public/js/app.js" from ["src/cljs" "src/cljc" "env/dev/cljs"]...
[32mSuccessfully compiled build :app to "target/cljsbuild/public/js/app.js" in 0.887 seconds.[0m
notifying browser that file changed:  target/cljsbuild/public/js/out/clj_text_input/core.js
Compiling build :app to "target/cljsbuild/public/js/app.js" from ["src/cljs" "src/cljc" "env/dev/cljs"]...
[32mSuccessfully compiled build :app to "target/cljsbuild/public/js/app.js" in 0.938 seconds.[0m
notifying browser that file changed:  target/cljsbuild/public/js/out/clj_text_input/core.js
Compiling build :app to "target/cljsbuild/public/js/app.js" from ["src/cljs" "src/cljc" "env/dev/cljs"]...
[32mSuccessfully compiled build :app to "target/cljsbuild/public/js/app.js" in 0.877 seconds.[0m
notifying browser that file changed:  target/cljsbuild/public/js/out/clj_text_input/core.js
Compiling build :app to "target/cljsbuild/public/js/app.js" from ["src/cljs" "src/cljc" "env/dev/cljs"]...
[32mSuccessfully compiled build :app to "target/cljsbuild/public/js/app.js" in 0.944 seconds.[0m
notifying browser that file changed:  target/cljsbuild/public/js/out/clj_text_input/core.js
Compiling build :app to "target/cljsbuild/public/js/app.js" from ["src/cljs" "src/cljc" "env/dev/cljs"]...
[32mSuccessfully compiled build :app to "target/cljsbuild/public/js/app.js" in 0.949 seconds.[0m
notifying browser that file changed:  target/cljsbuild/public/js/out/clj_text_input/core.js
Compiling build :app to "target/cljsbuild/public/js/app.js" from ["src/cljs" "src/cljc" "env/dev/cljs"]...
[32mSuccessfully compiled build :app to "target/cljsbuild/public/js/app.js" in 1.089 seconds.[0m
notifying browser that file changed:  target/cljsbuild/public/js/out/clj_text_input/core.js
Compiling build :app to "target/cljsbuild/public/js/app.js" from ["src/cljs" "src/cljc" "env/dev/cljs"]...
[32mSuccessfully compiled build :app to "target/cljsbuild/public/js/app.js" in 0.91 seconds.[0m
notifying browser that file changed:  target/cljsbuild/public/js/out/clj_text_input/core.js
Compiling build :app to "target/cljsbuild/public/js/app.js" from ["src/cljs" "src/cljc" "env/dev/cljs"]...
[32mSuccessfully compiled build :app to "target/cljsbuild/public/js/app.js" in 0.974 seconds.[0m
notifying browser that file changed:  target/cljsbuild/public/js/out/clj_text_input/core.js
Compiling build :app to "target/cljsbuild/public/js/app.js" from ["src/cljs" "src/cljc" "env/dev/cljs"]...
[32mSuccessfully compiled build :app to "target/cljsbuild/public/js/app.js" in 1.003 seconds.[0m
notifying browser that file changed:  target/cljsbuild/public/js/out/clj_text_input/core.js
Compiling build :app to "target/cljsbuild/public/js/app.js" from ["src/cljs" "src/cljc" "env/dev/cljs"]...
[32mSuccessfully compiled build :app to "target/cljsbuild/public/js/app.js" in 0.967 seconds.[0m
notifying browser that file changed:  target/cljsbuild/public/js/out/clj_text_input/core.js
Compiling build :app to "target/cljsbuild/public/js/app.js" from ["src/cljs" "src/cljc" "env/dev/cljs"]...
[32mSuccessfully compiled build :app to "target/cljsbuild/public/js/app.js" in 1.01 seconds.[0m
notifying browser that file changed:  target/cljsbuild/public/js/out/clj_text_input/core.js
Compiling build :app to "target/cljsbuild/public/js/app.js" from ["src/cljs" "src/cljc" "env/dev/cljs"]...
[32mSuccessfully compiled build :app to "target/cljsbuild/public/js/app.js" in 0.961 seconds.[0m
notifying browser that file changed:  target/cljsbuild/public/js/out/clj_text_input/core.js
Compiling build :app to "target/cljsbuild/public/js/app.js" from ["src/cljs" "src/cljc" "env/dev/cljs"]...
[32mSuccessfully compiled build :app to "target/cljsbuild/public/js/app.js" in 1.004 seconds.[0m
notifying browser that file changed:  target/cljsbuild/public/js/out/clj_text_input/core.js
Compiling build :app to "target/cljsbuild/public/js/app.js" from ["src/cljs" "src/cljc" "env/dev/cljs"]...
[32mSuccessfully compiled build :app to "target/cljsbuild/public/js/app.js" in 0.899 seconds.[0m
notifying browser that file changed:  target/cljsbuild/public/js/out/clj_text_input/core.js
Compiling build :app to "target/cljsbuild/public/js/app.js" from ["src/cljs" "src/cljc" "env/dev/cljs"]...
[32mSuccessfully compiled build :app to "target/cljsbuild/public/js/app.js" in 0.984 seconds.[0m
notifying browser that file changed:  target/cljsbuild/public/js/out/clj_text_input/core.js
Compiling build :app to "target/cljsbuild/public/js/app.js" from ["src/cljs" "src/cljc" "env/dev/cljs"]...
[32mSuccessfully compiled build :app to "target/cljsbuild/public/js/app.js" in 0.996 seconds.[0m
notifying browser that file changed:  target/cljsbuild/public/js/out/clj_text_input/core.js
Compiling build :app to "target/cljsbuild/public/js/app.js" from ["src/cljs" "src/cljc" "env/dev/cljs"]...
[32mSuccessfully compiled build :app to "target/cljsbuild/public/js/app.js" in 0.924 seconds.[0m
notifying browser that file changed:  target/cljsbuild/public/js/out/clj_text_input/core.js
Compiling build :app to "target/cljsbuild/public/js/app.js" from ["src/cljs" "src/cljc" "env/dev/cljs"]...
[32mSuccessfully compiled build :app to "target/cljsbuild/public/js/app.js" in 0.895 seconds.[0m
notifying browser that file changed:  target/cljsbuild/public/js/out/clj_text_input/core.js
Compiling build :app to "target/cljsbuild/public/js/app.js" from ["src/cljs" "src/cljc" "env/dev/cljs"]...
[32mSuccessfully compiled build :app to "target/cljsbuild/public/js/app.js" in 0.966 seconds.[0m
notifying browser that file changed:  target/cljsbuild/public/js/out/clj_text_input/core.js
Compiling build :app to "target/cljsbuild/public/js/app.js" from ["src/cljs" "src/cljc" "env/dev/cljs"]...
[32mSuccessfully compiled build :app to "target/cljsbuild/public/js/app.js" in 1.14 seconds.[0m
notifying browser that file changed:  target/cljsbuild/public/js/out/clj_text_input/core.js
Compiling build :app to "target/cljsbuild/public/js/app.js" from ["src/cljs" "src/cljc" "env/dev/cljs"]...
[32mSuccessfully compiled build :app to "target/cljsbuild/public/js/app.js" in 1.005 seconds.[0m
notifying browser that file changed:  target/cljsbuild/public/js/out/clj_text_input/core.js
Compiling build :app to "target/cljsbuild/public/js/app.js" from ["src/cljs" "src/cljc" "env/dev/cljs"]...
[32mSuccessfully compiled build :app to "target/cljsbuild/public/js/app.js" in 0.969 seconds.[0m
notifying browser that file changed:  target/cljsbuild/public/js/out/clj_text_input/core.js
Compiling build :app to "target/cljsbuild/public/js/app.js" from ["src/cljs" "src/cljc" "env/dev/cljs"]...
[32mSuccessfully compiled build :app to "target/cljsbuild/public/js/app.js" in 0.931 seconds.[0m
notifying browser that file changed:  target/cljsbuild/public/js/out/clj_text_input/core.js
Compiling build :app to "target/cljsbuild/public/js/app.js" from ["src/cljs" "src/cljc" "env/dev/cljs"]...
[32mSuccessfully compiled build :app to "target/cljsbuild/public/js/app.js" in 1.039 seconds.[0m
notifying browser that file changed:  target/cljsbuild/public/js/out/clj_text_input/core.js
Compiling build :app to "target/cljsbuild/public/js/app.js" from ["src/cljs" "src/cljc" "env/dev/cljs"]...
[32mSuccessfully compiled build :app to "target/cljsbuild/public/js/app.js" in 1.013 seconds.[0m
notifying browser that file changed:  target/cljsbuild/public/js/out/clj_text_input/core.js
Compiling build :app to "target/cljsbuild/public/js/app.js" from ["src/cljs" "src/cljc" "env/dev/cljs"]...
[32mSuccessfully compiled build :app to "target/cljsbuild/public/js/app.js" in 0.978 seconds.[0m
notifying browser that file changed:  target/cljsbuild/public/js/out/clj_text_input/core.js
Compiling build :app to "target/cljsbuild/public/js/app.js" from ["src/cljs" "src/cljc" "env/dev/cljs"]...
[32mSuccessfully compiled build :app to "target/cljsbuild/public/js/app.js" in 1.008 seconds.[0m
notifying browser that file changed:  target/cljsbuild/public/js/out/clj_text_input/core.js
Compiling build :app to "target/cljsbuild/public/js/app.js" from ["src/cljs" "src/cljc" "env/dev/cljs"]...
[32mSuccessfully compiled build :app to "target/cljsbuild/public/js/app.js" in 0.934 seconds.[0m
notifying browser that file changed:  target/cljsbuild/public/js/out/clj_text_input/core.js
Compiling build :app to "target/cljsbuild/public/js/app.js" from ["src/cljs" "src/cljc" "env/dev/cljs"]...
[32mSuccessfully compiled build :app to "target/cljsbuild/public/js/app.js" in 0.95 seconds.[0m
notifying browser that file changed:  target/cljsbuild/public/js/out/clj_text_input/core.js
Compiling build :app to "target/cljsbuild/public/js/app.js" from ["src/cljs" "src/cljc" "env/dev/cljs"]...
[32mSuccessfully compiled build :app to "target/cljsbuild/public/js/app.js" in 0.978 seconds.[0m
notifying browser that file changed:  target/cljsbuild/public/js/out/clj_text_input/core.js
Compiling build :app to "target/cljsbuild/public/js/app.js" from ["src/cljs" "src/cljc" "env/dev/cljs"]...
[32mSuccessfully compiled build :app to "target/cljsbuild/public/js/app.js" in 0.841 seconds.[0m
notifying browser that file changed:  target/cljsbuild/public/js/out/clj_text_input/core.js
Compiling build :app to "target/cljsbuild/public/js/app.js" from ["src/cljs" "src/cljc" "env/dev/cljs"]...
[32mSuccessfully compiled build :app to "target/cljsbuild/public/js/app.js" in 0.923 seconds.[0m
notifying browser that file changed:  target/cljsbuild/public/js/out/clj_text_input/core.js
Compiling build :app to "target/cljsbuild/public/js/app.js" from ["src/cljs" "src/cljc" "env/dev/cljs"]...
[32mSuccessfully compiled build :app to "target/cljsbuild/public/js/app.js" in 1.016 seconds.[0m
notifying browser that file changed:  target/cljsbuild/public/js/out/clj_text_input/core.js
Compiling build :app to "target/cljsbuild/public/js/app.js" from ["src/cljs" "src/cljc" "env/dev/cljs"]...
[32mSuccessfully compiled build :app to "target/cljsbuild/public/js/app.js" in 0.995 seconds.[0m
notifying browser that file changed:  target/cljsbuild/public/js/out/clj_text_input/core.js
Compiling build :app to "target/cljsbuild/public/js/app.js" from ["src/cljs" "src/cljc" "env/dev/cljs"]...
[32mSuccessfully compiled build :app to "target/cljsbuild/public/js/app.js" in 1.156 seconds.[0m
notifying browser that file changed:  target/cljsbuild/public/js/out/clj_text_input/core.js
Compiling build :app to "target/cljsbuild/public/js/app.js" from ["src/cljs" "src/cljc" "env/dev/cljs"]...
[32mSuccessfully compiled build :app to "target/cljsbuild/public/js/app.js" in 0.916 seconds.[0m
notifying browser that file changed:  target/cljsbuild/public/js/out/clj_text_input/core.js
Compiling build :app to "target/cljsbuild/public/js/app.js" from ["src/cljs" "src/cljc" "env/dev/cljs"]...
[32mSuccessfully compiled build :app to "target/cljsbuild/public/js/app.js" in 0.965 seconds.[0m
notifying browser that file changed:  target/cljsbuild/public/js/out/clj_text_input/core.js
Compiling build :app to "target/cljsbuild/public/js/app.js" from ["src/cljs" "src/cljc" "env/dev/cljs"]...
[32mSuccessfully compiled build :app to "target/cljsbuild/public/js/app.js" in 0.882 seconds.[0m
notifying browser that file changed:  target/cljsbuild/public/js/out/clj_text_input/core.js
Compiling build :app to "target/cljsbuild/public/js/app.js" from ["src/cljs" "src/cljc" "env/dev/cljs"]...
[32mSuccessfully compiled build :app to "target/cljsbuild/public/js/app.js" in 0.995 seconds.[0m
notifying browser that file changed:  target/cljsbuild/public/js/out/clj_text_input/core.js
Compiling build :app to "target/cljsbuild/public/js/app.js" from ["src/cljs" "src/cljc" "env/dev/cljs"]...
[32mSuccessfully compiled build :app to "target/cljsbuild/public/js/app.js" in 0.955 seconds.[0m
notifying browser that file changed:  target/cljsbuild/public/js/out/clj_text_input/core.js
Compiling build :app to "target/cljsbuild/public/js/app.js" from ["src/cljs" "src/cljc" "env/dev/cljs"]...
[32mSuccessfully compiled build :app to "target/cljsbuild/public/js/app.js" in 1.107 seconds.[0m
notifying browser that file changed:  target/cljsbuild/public/js/out/clj_text_input/core.js
Compiling build :app to "target/cljsbuild/public/js/app.js" from ["src/cljs" "src/cljc" "env/dev/cljs"]...
[32mSuccessfully compiled build :app to "target/cljsbuild/public/js/app.js" in 0.978 seconds.[0m
notifying browser that file changed:  target/cljsbuild/public/js/out/clj_text_input/core.js
Compiling build :app to "target/cljsbuild/public/js/app.js" from ["src/cljs" "src/cljc" "env/dev/cljs"]...
[32mSuccessfully compiled build :app to "target/cljsbuild/public/js/app.js" in 0.999 seconds.[0m
notifying browser that file changed:  target/cljsbuild/public/js/out/clj_text_input/core.js
Compiling build :app to "target/cljsbuild/public/js/app.js" from ["src/cljs" "src/cljc" "env/dev/cljs"]...
[32mSuccessfully compiled build :app to "target/cljsbuild/public/js/app.js" in 0.922 seconds.[0m
notifying browser that file changed:  target/cljsbuild/public/js/out/clj_text_input/core.js
Compiling build :app to "target/cljsbuild/public/js/app.js" from ["src/cljs" "src/cljc" "env/dev/cljs"]...
[32mSuccessfully compiled build :app to "target/cljsbuild/public/js/app.js" in 0.973 seconds.[0m
notifying browser that file changed:  target/cljsbuild/public/js/out/clj_text_input/core.js
Compiling build :app to "target/cljsbuild/public/js/app.js" from ["src/cljs" "src/cljc" "env/dev/cljs"]...
[32mSuccessfully compiled build :app to "target/cljsbuild/public/js/app.js" in 1.033 seconds.[0m
notifying browser that file changed:  target/cljsbuild/public/js/out/clj_text_input/core.js
Compiling build :app to "target/cljsbuild/public/js/app.js" from ["src/cljs" "src/cljc" "env/dev/cljs"]...
[32mSuccessfully compiled build :app to "target/cljsbuild/public/js/app.js" in 0.944 seconds.[0m
notifying browser that file changed:  target/cljsbuild/public/js/out/clj_text_input/core.js
Compiling build :app to "target/cljsbuild/public/js/app.js" from ["src/cljs" "src/cljc" "env/dev/cljs"]...
[32mSuccessfully compiled build :app to "target/cljsbuild/public/js/app.js" in 0.926 seconds.[0m
notifying browser that file changed:  target/cljsbuild/public/js/out/clj_text_input/core.js
Compiling build :app to "target/cljsbuild/public/js/app.js" from ["src/cljs" "src/cljc" "env/dev/cljs"]...
[32mSuccessfully compiled build :app to "target/cljsbuild/public/js/app.js" in 0.883 seconds.[0m
notifying browser that file changed:  target/cljsbuild/public/js/out/clj_text_input/core.js
Compiling build :app to "target/cljsbuild/public/js/app.js" from ["src/cljs" "src/cljc" "env/dev/cljs"]...
[32mSuccessfully compiled build :app to "target/cljsbuild/public/js/app.js" in 0.916 seconds.[0m
notifying browser that file changed:  target/cljsbuild/public/js/out/clj_text_input/core.js
Compiling build :app to "target/cljsbuild/public/js/app.js" from ["src/cljs" "src/cljc" "env/dev/cljs"]...
[32mSuccessfully compiled build :app to "target/cljsbuild/public/js/app.js" in 0.943 seconds.[0m
notifying browser that file changed:  target/cljsbuild/public/js/out/clj_text_input/core.js
Compiling build :app to "target/cljsbuild/public/js/app.js" from ["src/cljs" "src/cljc" "env/dev/cljs"]...
[32mSuccessfully compiled build :app to "target/cljsbuild/public/js/app.js" in 1.03 seconds.[0m
notifying browser that file changed:  target/cljsbuild/public/js/out/clj_text_input/core.js
Compiling build :app to "target/cljsbuild/public/js/app.js" from ["src/cljs" "src/cljc" "env/dev/cljs"]...
[32mSuccessfully compiled build :app to "target/cljsbuild/public/js/app.js" in 1.055 seconds.[0m
notifying browser that file changed:  target/cljsbuild/public/js/out/clj_text_input/core.js
Compiling build :app to "target/cljsbuild/public/js/app.js" from ["src/cljs" "src/cljc" "env/dev/cljs"]...
[32mSuccessfully compiled build :app to "target/cljsbuild/public/js/app.js" in 0.934 seconds.[0m
notifying browser that file changed:  target/cljsbuild/public/js/out/clj_text_input/core.js
Compiling build :app to "target/cljsbuild/public/js/app.js" from ["src/cljs" "src/cljc" "env/dev/cljs"]...
[32mSuccessfully compiled build :app to "target/cljsbuild/public/js/app.js" in 0.843 seconds.[0m
notifying browser that file changed:  target/cljsbuild/public/js/out/clj_text_input/core.js
Compiling build :app to "target/cljsbuild/public/js/app.js" from ["src/cljs" "src/cljc" "env/dev/cljs"]...
[32mSuccessfully compiled build :app to "target/cljsbuild/public/js/app.js" in 0.905 seconds.[0m
notifying browser that file changed:  target/cljsbuild/public/js/out/clj_text_input/core.js
Compiling build :app to "target/cljsbuild/public/js/app.js" from ["src/cljs" "src/cljc" "env/dev/cljs"]...
[32mSuccessfully compiled build :app to "target/cljsbuild/public/js/app.js" in 0.911 seconds.[0m
notifying browser that file changed:  target/cljsbuild/public/js/out/clj_text_input/core.js
Compiling build :app to "target/cljsbuild/public/js/app.js" from ["src/cljs" "src/cljc" "env/dev/cljs"]...
[32mSuccessfully compiled build :app to "target/cljsbuild/public/js/app.js" in 0.966 seconds.[0m
notifying browser that file changed:  target/cljsbuild/public/js/out/clj_text_input/core.js
Compiling build :app to "target/cljsbuild/public/js/app.js" from ["src/cljs" "src/cljc" "env/dev/cljs"]...
[32mSuccessfully compiled build :app to "target/cljsbuild/public/js/app.js" in 0.971 seconds.[0m
notifying browser that file changed:  target/cljsbuild/public/js/out/clj_text_input/core.js
Compiling build :app to "target/cljsbuild/public/js/app.js" from ["src/cljs" "src/cljc" "env/dev/cljs"]...
[32mSuccessfully compiled build :app to "target/cljsbuild/public/js/app.js" in 0.893 seconds.[0m
notifying browser that file changed:  target/cljsbuild/public/js/out/clj_text_input/core.js
